0 info it worked if it ends with ok
1 verbose cli [ '/usr/local/Cellar/node/4.2.1/bin/node',
1 verbose cli   '/usr/local/bin/npm',
1 verbose cli   'run',
1 verbose cli   'dev' ]
2 info using npm@3.10.6
3 info using node@v4.2.1
4 verbose run-script [ 'predev', 'dev', 'postdev' ]
5 info lifecycle node@1.0.0~predev: node@1.0.0
6 silly lifecycle node@1.0.0~predev: no script for predev, continuing
7 info lifecycle node@1.0.0~dev: node@1.0.0
8 verbose lifecycle node@1.0.0~dev: unsafe-perm in lifecycle true
9 verbose lifecycle node@1.0.0~dev: PATH: /usr/local/lib/node_modules/npm/bin/node-gyp-bin:/Users/mtjoe/Code/personal/berry-street/frontend/node_modules/.bin:/usr/local/Cellar/node/4.2.1/bin:/usr/local/heroku/bin:./bin:/Users/mtjoe/.bin:/Users/mtjoe/.rbenv/shims:./bin:/Users/mtjoe/bin:/Users/mtjoe/.rbenv/bin:/usr/local/bin:/usr/bin:/bin:/usr/sbin:/sbin:/usr/X11/bin:/Users/mtjoe/Softwares/scala-2.11.7/bin:/Users/mtjoe/Softwares/apache-maven-3.3.3/bin:/Users/mtjoe/.rvm/bin
10 verbose lifecycle node@1.0.0~dev: CWD: /Users/mtjoe/Code/personal/berry-street/frontend
11 silly lifecycle node@1.0.0~dev: Args: [ '-c', 'parallelshell "npm run watch" "npm run start" ' ]
12 silly lifecycle node@1.0.0~dev: Returned: code: 1  signal: null
13 info lifecycle node@1.0.0~dev: Failed to exec dev script
14 verbose stack Error: node@1.0.0 dev: `parallelshell "npm run watch" "npm run start" `
14 verbose stack Exit status 1
14 verbose stack     at EventEmitter.<anonymous> (/usr/local/lib/node_modules/npm/lib/utils/lifecycle.js:255:16)
14 verbose stack     at emitTwo (events.js:87:13)
14 verbose stack     at EventEmitter.emit (events.js:172:7)
14 verbose stack     at ChildProcess.<anonymous> (/usr/local/lib/node_modules/npm/lib/utils/spawn.js:40:14)
14 verbose stack     at emitTwo (events.js:87:13)
14 verbose stack     at ChildProcess.emit (events.js:172:7)
14 verbose stack     at maybeClose (internal/child_process.js:818:16)
14 verbose stack     at Process.ChildProcess._handle.onexit (internal/child_process.js:211:5)
15 verbose pkgid node@1.0.0
16 verbose cwd /Users/mtjoe/Code/personal/berry-street/frontend
17 error Darwin 15.6.0
18 error argv "/usr/local/Cellar/node/4.2.1/bin/node" "/usr/local/bin/npm" "run" "dev"
19 error node v4.2.1
20 error npm  v3.10.6
21 error code ELIFECYCLE
22 error node@1.0.0 dev: `parallelshell "npm run watch" "npm run start" `
22 error Exit status 1
23 error Failed at the node@1.0.0 dev script 'parallelshell "npm run watch" "npm run start" '.
23 error Make sure you have the latest version of node.js and npm installed.
23 error If you do, this is most likely a problem with the node package,
23 error not with npm itself.
23 error Tell the author that this fails on your system:
23 error     parallelshell "npm run watch" "npm run start"
23 error You can get information on how to open an issue for this project with:
23 error     npm bugs node
23 error Or if that isn't available, you can get their info via:
23 error     npm owner ls node
23 error There is likely additional logging output above.
24 verbose exit [ 1, true ]
